<?xml version="1.0" encoding="UTF-8"?>
<!-- Generated by org.testng.reporters.JUnitXMLReporter -->
<testsuite hostname="BNGLT-4T55T72" name="Inventory Regression Test" tests="10" failures="8" timestamp="28 Jun 2017 11:09:54 GMT" time="495.387" errors="0">
  <testcase name="SignIn" time="38.274" classname="testScript.InventoryAndEHS"/>
  <testcase name="MessageValidationEquipmentsPage_Action" time="56.826" classname="testScript.InventoryAndEHS"/>
  <testcase name="MessageValidationMaterialsPage_Action" time="80.795" classname="testScript.InventoryAndEHS">
    <failure type="org.openqa.selenium.TimeoutException" message="Timed out after 5 seconds waiting for visibility of element located by By.xpath: html/body/div[11]/div/div/div/div[1]
Build info: version: &amp;apos;2.53.0&amp;apos;, revision: &amp;apos;35ae25b&amp;apos;, time: &amp;apos;2016-03-15 16:57:40&amp;apos;
System info: host: &amp;apos;BNGLT-4T55T72&amp;apos;, ip: &amp;apos;10.68.108.117&amp;apos;, os.name: &amp;apos;Windows 7&amp;apos;, os.arch: &amp;apos;amd64&amp;apos;, os.version: &amp;apos;6.1&amp;apos;, java.version: &amp;apos;1.8.0_112&amp;apos;
Driver info: org.openqa.selenium.firefox.FirefoxDriver
Capabilities [{applicationCacheEnabled=true, rotatable=false, handlesAlerts=true, databaseEnabled=true, version=46.0.1, platform=WINDOWS, nativeEvents=false, acceptSslCerts=true, webStorageEnabled=true, locationContextEnabled=true, browserName=firefox, takesScreenshot=true, javascriptEnabled=true, cssSelectorsEnabled=true}]
Session ID: f4331cc4-9fc9-4337-be5a-c777280cded6">
      <![CDATA[org.openqa.selenium.TimeoutException: Timed out after 5 seconds waiting for visibility of element located by By.xpath: html/body/div[11]/div/div/div/div[1]
Build info: version: '2.53.0', revision: '35ae25b', time: '2016-03-15 16:57:40'
System info: host: 'BNGLT-4T55T72', ip: '10.68.108.117', os.name: 'Windows 7', os.arch: 'amd64', os.version: '6.1', java.version: '1.8.0_112'
Driver info: org.openqa.selenium.firefox.FirefoxDriver
Capabilities [{applicationCacheEnabled=true, rotatable=false, handlesAlerts=true, databaseEnabled=true, version=46.0.1, platform=WINDOWS, nativeEvents=false, acceptSslCerts=true, webStorageEnabled=true, locationContextEnabled=true, browserName=firefox, takesScreenshot=true, javascriptEnabled=true, cssSelectorsEnabled=true}]
Session ID: f4331cc4-9fc9-4337-be5a-c777280cded6
	at org.openqa.selenium.support.ui.WebDriverWait.timeoutException(WebDriverWait.java:80)
	at org.openqa.selenium.support.ui.FluentWait.until(FluentWait.java:261)
	at inventoryModule.MessageValidationMaterialsPage.MessValMaterial(MessageValidationMaterialsPage.java:156)
	at testScript.InventoryAndEHS.MessageValidationMaterialsPage_Action(InventoryAndEHS.java:175)
... Removed 23 stack frames]]>
    </failure>
  </testcase> <!-- MessageValidationMaterialsPage_Action -->
  <testcase name="AddEquipment" time="61.551" classname="testScript.InventoryAndEHS">
    <failure type="org.openqa.selenium.NoSuchElementException" message="Unable to locate element: {&amp;quot;method&amp;quot;:&amp;quot;xpath&amp;quot;,&amp;quot;selector&amp;quot;:&amp;quot;.//*[@id=&amp;apos;tmptree&amp;apos;]/ul/li/ul/li/a&amp;quot;}
Command duration or timeout: 20.11 seconds
For documentation on this error, please visit: http://seleniumhq.org/exceptions/no_such_element.html
Build info: version: &amp;apos;2.53.0&amp;apos;, revision: &amp;apos;35ae25b&amp;apos;, time: &amp;apos;2016-03-15 16:57:40&amp;apos;
System info: host: &amp;apos;BNGLT-4T55T72&amp;apos;, ip: &amp;apos;10.68.108.117&amp;apos;, os.name: &amp;apos;Windows 7&amp;apos;, os.arch: &amp;apos;amd64&amp;apos;, os.version: &amp;apos;6.1&amp;apos;, java.version: &amp;apos;1.8.0_112&amp;apos;
Driver info: org.openqa.selenium.firefox.FirefoxDriver
Capabilities [{applicationCacheEnabled=true, rotatable=false, handlesAlerts=true, databaseEnabled=true, version=46.0.1, platform=WINDOWS, nativeEvents=false, acceptSslCerts=true, webStorageEnabled=true, locationContextEnabled=true, browserName=firefox, takesScreenshot=true, javascriptEnabled=true, cssSelectorsEnabled=true}]
Session ID: 9a2299d3-3e5c-40f6-9baa-8ec9ef196cd4
*** Element info: {Using=xpath, value=.//*[@id=&amp;apos;tmptree&amp;apos;]/ul/li/ul/li/a}">
      <![CDATA[org.openqa.selenium.NoSuchElementException: Unable to locate element: {"method":"xpath","selector":".//*[@id='tmptree']/ul/li/ul/li/a"}
Command duration or timeout: 20.11 seconds
For documentation on this error, please visit: http://seleniumhq.org/exceptions/no_such_element.html
Build info: version: '2.53.0', revision: '35ae25b', time: '2016-03-15 16:57:40'
System info: host: 'BNGLT-4T55T72', ip: '10.68.108.117', os.name: 'Windows 7', os.arch: 'amd64', os.version: '6.1', java.version: '1.8.0_112'
Driver info: org.openqa.selenium.firefox.FirefoxDriver
Capabilities [{applicationCacheEnabled=true, rotatable=false, handlesAlerts=true, databaseEnabled=true, version=46.0.1, platform=WINDOWS, nativeEvents=false, acceptSslCerts=true, webStorageEnabled=true, locationContextEnabled=true, browserName=firefox, takesScreenshot=true, javascriptEnabled=true, cssSelectorsEnabled=true}]
Session ID: 9a2299d3-3e5c-40f6-9baa-8ec9ef196cd4
*** Element info: {Using=xpath, value=.//*[@id='tmptree']/ul/li/ul/li/a}
	at org.openqa.selenium.remote.ErrorHandler.createThrowable(ErrorHandler.java:206)
	at org.openqa.selenium.remote.ErrorHandler.throwIfResponseFailed(ErrorHandler.java:158)
	at org.openqa.selenium.remote.RemoteWebDriver.execute(RemoteWebDriver.java:678)
	at org.openqa.selenium.remote.RemoteWebDriver.findElement(RemoteWebDriver.java:363)
	at org.openqa.selenium.remote.RemoteWebDriver.findElementByXPath(RemoteWebDriver.java:500)
	at org.openqa.selenium.By$ByXPath.findElement(By.java:361)
	at org.openqa.selenium.remote.RemoteWebDriver.findElement(RemoteWebDriver.java:355)
	at testBase.TestBase.getLocator(TestBase.java:83)
	at testBase.TestBase.getWebElement(TestBase.java:89)
	at inventoryModule.AddEquipment_Action.AddEqip(AddEquipment_Action.java:61)
	at testScript.InventoryAndEHS.AddEquipment(InventoryAndEHS.java:182)
Caused by: org.openqa.selenium.NoSuchElementException: Unable to locate element: {"method":"xpath","selector":".//*[@id='tmptree']/ul/li/ul/li/a"}
For documentation on this error, please visit: http://seleniumhq.org/exceptions/no_such_element.html
Build info: version: '2.53.0', revision: '35ae25b', time: '2016-03-15 16:57:40'
System info: host: 'BNGLT-4T55T72', ip: '10.68.108.117', os.name: 'Windows 7', os.arch: 'amd64', os.version: '6.1', java.version: '1.8.0_112'
Driver info: driver.version: unknown
	at <anonymous class>.FirefoxDriver.prototype.findElementInternal_(file:///C:/Users/dprakash/AppData/Local/Temp/anonymous3808884217208763469webdriver-profile/extensions/fxdriver@googlecode.com/components/driver-component.js:10770)
	at <anonymous class>.fxdriver.Timer.prototype.setTimeout/<.notify(file:///C:/Users/dprakash/AppData/Local/Temp/anonymous3808884217208763469webdriver-profile/extensions/fxdriver@googlecode.com/components/driver-component.js:625)
... Removed 27 stack frames]]>
    </failure>
  </testcase> <!-- AddEquipment -->
  <testcase name="EditEquipment" time="40.344" classname="testScript.InventoryAndEHS">
    <failure type="org.openqa.selenium.NoSuchElementException" message="Unable to locate element: {&amp;quot;method&amp;quot;:&amp;quot;xpath&amp;quot;,&amp;quot;selector&amp;quot;:&amp;quot;.//*[@id=&amp;apos;labs-sidebar&amp;apos;]/div[3]&amp;quot;}
Command duration or timeout: 20.06 seconds
For documentation on this error, please visit: http://seleniumhq.org/exceptions/no_such_element.html
Build info: version: &amp;apos;2.53.0&amp;apos;, revision: &amp;apos;35ae25b&amp;apos;, time: &amp;apos;2016-03-15 16:57:40&amp;apos;
System info: host: &amp;apos;BNGLT-4T55T72&amp;apos;, ip: &amp;apos;10.68.108.117&amp;apos;, os.name: &amp;apos;Windows 7&amp;apos;, os.arch: &amp;apos;amd64&amp;apos;, os.version: &amp;apos;6.1&amp;apos;, java.version: &amp;apos;1.8.0_112&amp;apos;
Driver info: org.openqa.selenium.firefox.FirefoxDriver
Capabilities [{applicationCacheEnabled=true, rotatable=false, handlesAlerts=true, databaseEnabled=true, version=46.0.1, platform=WINDOWS, nativeEvents=false, acceptSslCerts=true, webStorageEnabled=true, locationContextEnabled=true, browserName=firefox, takesScreenshot=true, javascriptEnabled=true, cssSelectorsEnabled=true}]
Session ID: f2fec805-e621-41b5-b4cf-a097ef94829d
*** Element info: {Using=xpath, value=.//*[@id=&amp;apos;labs-sidebar&amp;apos;]/div[3]}">
      <![CDATA[org.openqa.selenium.NoSuchElementException: Unable to locate element: {"method":"xpath","selector":".//*[@id='labs-sidebar']/div[3]"}
Command duration or timeout: 20.06 seconds
For documentation on this error, please visit: http://seleniumhq.org/exceptions/no_such_element.html
Build info: version: '2.53.0', revision: '35ae25b', time: '2016-03-15 16:57:40'
System info: host: 'BNGLT-4T55T72', ip: '10.68.108.117', os.name: 'Windows 7', os.arch: 'amd64', os.version: '6.1', java.version: '1.8.0_112'
Driver info: org.openqa.selenium.firefox.FirefoxDriver
Capabilities [{applicationCacheEnabled=true, rotatable=false, handlesAlerts=true, databaseEnabled=true, version=46.0.1, platform=WINDOWS, nativeEvents=false, acceptSslCerts=true, webStorageEnabled=true, locationContextEnabled=true, browserName=firefox, takesScreenshot=true, javascriptEnabled=true, cssSelectorsEnabled=true}]
Session ID: f2fec805-e621-41b5-b4cf-a097ef94829d
*** Element info: {Using=xpath, value=.//*[@id='labs-sidebar']/div[3]}
	at org.openqa.selenium.remote.ErrorHandler.createThrowable(ErrorHandler.java:206)
	at org.openqa.selenium.remote.ErrorHandler.throwIfResponseFailed(ErrorHandler.java:158)
	at org.openqa.selenium.remote.RemoteWebDriver.execute(RemoteWebDriver.java:678)
	at org.openqa.selenium.remote.RemoteWebDriver.findElement(RemoteWebDriver.java:363)
	at org.openqa.selenium.remote.RemoteWebDriver.findElementByXPath(RemoteWebDriver.java:500)
	at org.openqa.selenium.By$ByXPath.findElement(By.java:361)
	at org.openqa.selenium.remote.RemoteWebDriver.findElement(RemoteWebDriver.java:355)
	at testBase.TestBase.getLocator(TestBase.java:83)
	at testBase.TestBase.getWebElement(TestBase.java:89)
	at pageLibrary.MouseOver.InventoryMouseOver(MouseOver.java:15)
	at inventoryModule.EditEquipment_Action.EditEquipment(EditEquipment_Action.java:30)
	at testScript.InventoryAndEHS.EditEquipment(InventoryAndEHS.java:188)
Caused by: org.openqa.selenium.NoSuchElementException: Unable to locate element: {"method":"xpath","selector":".//*[@id='labs-sidebar']/div[3]"}
For documentation on this error, please visit: http://seleniumhq.org/exceptions/no_such_element.html
Build info: version: '2.53.0', revision: '35ae25b', time: '2016-03-15 16:57:40'
System info: host: 'BNGLT-4T55T72', ip: '10.68.108.117', os.name: 'Windows 7', os.arch: 'amd64', os.version: '6.1', java.version: '1.8.0_112'
Driver info: driver.version: unknown
	at <anonymous class>.FirefoxDriver.prototype.findElementInternal_(file:///C:/Users/dprakash/AppData/Local/Temp/anonymous3979873257555685561webdriver-profile/extensions/fxdriver@googlecode.com/components/driver-component.js:10770)
	at <anonymous class>.fxdriver.Timer.prototype.setTimeout/<.notify(file:///C:/Users/dprakash/AppData/Local/Temp/anonymous3979873257555685561webdriver-profile/extensions/fxdriver@googlecode.com/components/driver-component.js:625)
... Removed 27 stack frames]]>
    </failure>
  </testcase> <!-- EditEquipment -->
  <testcase name="ScheduleEquipment" time="45.653" classname="testScript.InventoryAndEHS">
    <failure type="org.openqa.selenium.NoSuchElementException" message="Unable to locate element: {&amp;quot;method&amp;quot;:&amp;quot;xpath&amp;quot;,&amp;quot;selector&amp;quot;:&amp;quot;.//*[@id=&amp;apos;labs-sidebar&amp;apos;]/div[3]&amp;quot;}
Command duration or timeout: 20.11 seconds
For documentation on this error, please visit: http://seleniumhq.org/exceptions/no_such_element.html
Build info: version: &amp;apos;2.53.0&amp;apos;, revision: &amp;apos;35ae25b&amp;apos;, time: &amp;apos;2016-03-15 16:57:40&amp;apos;
System info: host: &amp;apos;BNGLT-4T55T72&amp;apos;, ip: &amp;apos;10.68.108.117&amp;apos;, os.name: &amp;apos;Windows 7&amp;apos;, os.arch: &amp;apos;amd64&amp;apos;, os.version: &amp;apos;6.1&amp;apos;, java.version: &amp;apos;1.8.0_112&amp;apos;
Driver info: org.openqa.selenium.firefox.FirefoxDriver
Capabilities [{applicationCacheEnabled=true, rotatable=false, handlesAlerts=true, databaseEnabled=true, version=46.0.1, platform=WINDOWS, nativeEvents=false, acceptSslCerts=true, webStorageEnabled=true, locationContextEnabled=true, browserName=firefox, takesScreenshot=true, javascriptEnabled=true, cssSelectorsEnabled=true}]
Session ID: a125a31e-0842-4a72-8e4c-8a56dfd585cc
*** Element info: {Using=xpath, value=.//*[@id=&amp;apos;labs-sidebar&amp;apos;]/div[3]}">
      <![CDATA[org.openqa.selenium.NoSuchElementException: Unable to locate element: {"method":"xpath","selector":".//*[@id='labs-sidebar']/div[3]"}
Command duration or timeout: 20.11 seconds
For documentation on this error, please visit: http://seleniumhq.org/exceptions/no_such_element.html
Build info: version: '2.53.0', revision: '35ae25b', time: '2016-03-15 16:57:40'
System info: host: 'BNGLT-4T55T72', ip: '10.68.108.117', os.name: 'Windows 7', os.arch: 'amd64', os.version: '6.1', java.version: '1.8.0_112'
Driver info: org.openqa.selenium.firefox.FirefoxDriver
Capabilities [{applicationCacheEnabled=true, rotatable=false, handlesAlerts=true, databaseEnabled=true, version=46.0.1, platform=WINDOWS, nativeEvents=false, acceptSslCerts=true, webStorageEnabled=true, locationContextEnabled=true, browserName=firefox, takesScreenshot=true, javascriptEnabled=true, cssSelectorsEnabled=true}]
Session ID: a125a31e-0842-4a72-8e4c-8a56dfd585cc
*** Element info: {Using=xpath, value=.//*[@id='labs-sidebar']/div[3]}
	at org.openqa.selenium.remote.ErrorHandler.createThrowable(ErrorHandler.java:206)
	at org.openqa.selenium.remote.ErrorHandler.throwIfResponseFailed(ErrorHandler.java:158)
	at org.openqa.selenium.remote.RemoteWebDriver.execute(RemoteWebDriver.java:678)
	at org.openqa.selenium.remote.RemoteWebDriver.findElement(RemoteWebDriver.java:363)
	at org.openqa.selenium.remote.RemoteWebDriver.findElementByXPath(RemoteWebDriver.java:500)
	at org.openqa.selenium.By$ByXPath.findElement(By.java:361)
	at org.openqa.selenium.remote.RemoteWebDriver.findElement(RemoteWebDriver.java:355)
	at testBase.TestBase.getLocator(TestBase.java:83)
	at testBase.TestBase.getWebElement(TestBase.java:89)
	at pageLibrary.MouseOver.InventoryMouseOver(MouseOver.java:15)
	at inventoryModule.ScheduleEquipment_Action.ScheduleEquipment(ScheduleEquipment_Action.java:32)
	at testScript.InventoryAndEHS.ScheduleEquipment(InventoryAndEHS.java:194)
Caused by: org.openqa.selenium.NoSuchElementException: Unable to locate element: {"method":"xpath","selector":".//*[@id='labs-sidebar']/div[3]"}
For documentation on this error, please visit: http://seleniumhq.org/exceptions/no_such_element.html
Build info: version: '2.53.0', revision: '35ae25b', time: '2016-03-15 16:57:40'
System info: host: 'BNGLT-4T55T72', ip: '10.68.108.117', os.name: 'Windows 7', os.arch: 'amd64', os.version: '6.1', java.version: '1.8.0_112'
Driver info: driver.version: unknown
	at <anonymous class>.FirefoxDriver.prototype.findElementInternal_(file:///C:/Users/dprakash/AppData/Local/Temp/anonymous6444248218952708141webdriver-profile/extensions/fxdriver@googlecode.com/components/driver-component.js:10770)
	at <anonymous class>.fxdriver.Timer.prototype.setTimeout/<.notify(file:///C:/Users/dprakash/AppData/Local/Temp/anonymous6444248218952708141webdriver-profile/extensions/fxdriver@googlecode.com/components/driver-component.js:625)
... Removed 27 stack frames]]>
    </failure>
  </testcase> <!-- ScheduleEquipment -->
  <testcase name="AddVendorMaterial" time="42.508" classname="testScript.InventoryAndEHS">
    <failure type="org.openqa.selenium.NoSuchElementException" message="Unable to locate element: {&amp;quot;method&amp;quot;:&amp;quot;xpath&amp;quot;,&amp;quot;selector&amp;quot;:&amp;quot;.//*[@id=&amp;apos;labs-sidebar&amp;apos;]/div[3]&amp;quot;}
Command duration or timeout: 20.10 seconds
For documentation on this error, please visit: http://seleniumhq.org/exceptions/no_such_element.html
Build info: version: &amp;apos;2.53.0&amp;apos;, revision: &amp;apos;35ae25b&amp;apos;, time: &amp;apos;2016-03-15 16:57:40&amp;apos;
System info: host: &amp;apos;BNGLT-4T55T72&amp;apos;, ip: &amp;apos;10.68.108.117&amp;apos;, os.name: &amp;apos;Windows 7&amp;apos;, os.arch: &amp;apos;amd64&amp;apos;, os.version: &amp;apos;6.1&amp;apos;, java.version: &amp;apos;1.8.0_112&amp;apos;
Driver info: org.openqa.selenium.firefox.FirefoxDriver
Capabilities [{applicationCacheEnabled=true, rotatable=false, handlesAlerts=true, databaseEnabled=true, version=46.0.1, platform=WINDOWS, nativeEvents=false, acceptSslCerts=true, webStorageEnabled=true, locationContextEnabled=true, browserName=firefox, takesScreenshot=true, javascriptEnabled=true, cssSelectorsEnabled=true}]
Session ID: a60f4000-93bd-4a27-8ae3-4918345ec21c
*** Element info: {Using=xpath, value=.//*[@id=&amp;apos;labs-sidebar&amp;apos;]/div[3]}">
      <![CDATA[org.openqa.selenium.NoSuchElementException: Unable to locate element: {"method":"xpath","selector":".//*[@id='labs-sidebar']/div[3]"}
Command duration or timeout: 20.10 seconds
For documentation on this error, please visit: http://seleniumhq.org/exceptions/no_such_element.html
Build info: version: '2.53.0', revision: '35ae25b', time: '2016-03-15 16:57:40'
System info: host: 'BNGLT-4T55T72', ip: '10.68.108.117', os.name: 'Windows 7', os.arch: 'amd64', os.version: '6.1', java.version: '1.8.0_112'
Driver info: org.openqa.selenium.firefox.FirefoxDriver
Capabilities [{applicationCacheEnabled=true, rotatable=false, handlesAlerts=true, databaseEnabled=true, version=46.0.1, platform=WINDOWS, nativeEvents=false, acceptSslCerts=true, webStorageEnabled=true, locationContextEnabled=true, browserName=firefox, takesScreenshot=true, javascriptEnabled=true, cssSelectorsEnabled=true}]
Session ID: a60f4000-93bd-4a27-8ae3-4918345ec21c
*** Element info: {Using=xpath, value=.//*[@id='labs-sidebar']/div[3]}
	at org.openqa.selenium.remote.ErrorHandler.createThrowable(ErrorHandler.java:206)
	at org.openqa.selenium.remote.ErrorHandler.throwIfResponseFailed(ErrorHandler.java:158)
	at org.openqa.selenium.remote.RemoteWebDriver.execute(RemoteWebDriver.java:678)
	at org.openqa.selenium.remote.RemoteWebDriver.findElement(RemoteWebDriver.java:363)
	at org.openqa.selenium.remote.RemoteWebDriver.findElementByXPath(RemoteWebDriver.java:500)
	at org.openqa.selenium.By$ByXPath.findElement(By.java:361)
	at org.openqa.selenium.remote.RemoteWebDriver.findElement(RemoteWebDriver.java:355)
	at testBase.TestBase.getLocator(TestBase.java:83)
	at testBase.TestBase.getWebElement(TestBase.java:89)
	at pageLibrary.MouseOver.InventoryMouseOver(MouseOver.java:15)
	at inventoryModule.AddVendorMaterial_Action.AddVenMat(AddVendorMaterial_Action.java:30)
	at testScript.InventoryAndEHS.AddVendorMaterial(InventoryAndEHS.java:201)
Caused by: org.openqa.selenium.NoSuchElementException: Unable to locate element: {"method":"xpath","selector":".//*[@id='labs-sidebar']/div[3]"}
For documentation on this error, please visit: http://seleniumhq.org/exceptions/no_such_element.html
Build info: version: '2.53.0', revision: '35ae25b', time: '2016-03-15 16:57:40'
System info: host: 'BNGLT-4T55T72', ip: '10.68.108.117', os.name: 'Windows 7', os.arch: 'amd64', os.version: '6.1', java.version: '1.8.0_112'
Driver info: driver.version: unknown
	at <anonymous class>.FirefoxDriver.prototype.findElementInternal_(file:///C:/Users/dprakash/AppData/Local/Temp/anonymous5701924414062200950webdriver-profile/extensions/fxdriver@googlecode.com/components/driver-component.js:10770)
	at <anonymous class>.fxdriver.Timer.prototype.setTimeout/<.notify(file:///C:/Users/dprakash/AppData/Local/Temp/anonymous5701924414062200950webdriver-profile/extensions/fxdriver@googlecode.com/components/driver-component.js:625)
... Removed 27 stack frames]]>
    </failure>
  </testcase> <!-- AddVendorMaterial -->
  <testcase name="EditVendorMaterial" time="39.54" classname="testScript.InventoryAndEHS">
    <failure type="org.openqa.selenium.NoSuchElementException" message="Unable to locate element: {&amp;quot;method&amp;quot;:&amp;quot;xpath&amp;quot;,&amp;quot;selector&amp;quot;:&amp;quot;.//*[@id=&amp;apos;labs-sidebar&amp;apos;]/div[3]&amp;quot;}
Command duration or timeout: 20.11 seconds
For documentation on this error, please visit: http://seleniumhq.org/exceptions/no_such_element.html
Build info: version: &amp;apos;2.53.0&amp;apos;, revision: &amp;apos;35ae25b&amp;apos;, time: &amp;apos;2016-03-15 16:57:40&amp;apos;
System info: host: &amp;apos;BNGLT-4T55T72&amp;apos;, ip: &amp;apos;10.68.108.117&amp;apos;, os.name: &amp;apos;Windows 7&amp;apos;, os.arch: &amp;apos;amd64&amp;apos;, os.version: &amp;apos;6.1&amp;apos;, java.version: &amp;apos;1.8.0_112&amp;apos;
Driver info: org.openqa.selenium.firefox.FirefoxDriver
Capabilities [{applicationCacheEnabled=true, rotatable=false, handlesAlerts=true, databaseEnabled=true, version=46.0.1, platform=WINDOWS, nativeEvents=false, acceptSslCerts=true, webStorageEnabled=true, locationContextEnabled=true, browserName=firefox, takesScreenshot=true, javascriptEnabled=true, cssSelectorsEnabled=true}]
Session ID: 6eedff71-4b9c-4d2f-899c-feaff224eab8
*** Element info: {Using=xpath, value=.//*[@id=&amp;apos;labs-sidebar&amp;apos;]/div[3]}">
      <![CDATA[org.openqa.selenium.NoSuchElementException: Unable to locate element: {"method":"xpath","selector":".//*[@id='labs-sidebar']/div[3]"}
Command duration or timeout: 20.11 seconds
For documentation on this error, please visit: http://seleniumhq.org/exceptions/no_such_element.html
Build info: version: '2.53.0', revision: '35ae25b', time: '2016-03-15 16:57:40'
System info: host: 'BNGLT-4T55T72', ip: '10.68.108.117', os.name: 'Windows 7', os.arch: 'amd64', os.version: '6.1', java.version: '1.8.0_112'
Driver info: org.openqa.selenium.firefox.FirefoxDriver
Capabilities [{applicationCacheEnabled=true, rotatable=false, handlesAlerts=true, databaseEnabled=true, version=46.0.1, platform=WINDOWS, nativeEvents=false, acceptSslCerts=true, webStorageEnabled=true, locationContextEnabled=true, browserName=firefox, takesScreenshot=true, javascriptEnabled=true, cssSelectorsEnabled=true}]
Session ID: 6eedff71-4b9c-4d2f-899c-feaff224eab8
*** Element info: {Using=xpath, value=.//*[@id='labs-sidebar']/div[3]}
	at org.openqa.selenium.remote.ErrorHandler.createThrowable(ErrorHandler.java:206)
	at org.openqa.selenium.remote.ErrorHandler.throwIfResponseFailed(ErrorHandler.java:158)
	at org.openqa.selenium.remote.RemoteWebDriver.execute(RemoteWebDriver.java:678)
	at org.openqa.selenium.remote.RemoteWebDriver.findElement(RemoteWebDriver.java:363)
	at org.openqa.selenium.remote.RemoteWebDriver.findElementByXPath(RemoteWebDriver.java:500)
	at org.openqa.selenium.By$ByXPath.findElement(By.java:361)
	at org.openqa.selenium.remote.RemoteWebDriver.findElement(RemoteWebDriver.java:355)
	at testBase.TestBase.getLocator(TestBase.java:83)
	at testBase.TestBase.getWebElement(TestBase.java:89)
	at pageLibrary.MouseOver.InventoryMouseOver(MouseOver.java:15)
	at inventoryModule.EditVendorMaterial_Action.EditVendorMaterial(EditVendorMaterial_Action.java:30)
	at testScript.InventoryAndEHS.EditVendorMaterial(InventoryAndEHS.java:207)
Caused by: org.openqa.selenium.NoSuchElementException: Unable to locate element: {"method":"xpath","selector":".//*[@id='labs-sidebar']/div[3]"}
For documentation on this error, please visit: http://seleniumhq.org/exceptions/no_such_element.html
Build info: version: '2.53.0', revision: '35ae25b', time: '2016-03-15 16:57:40'
System info: host: 'BNGLT-4T55T72', ip: '10.68.108.117', os.name: 'Windows 7', os.arch: 'amd64', os.version: '6.1', java.version: '1.8.0_112'
Driver info: driver.version: unknown
	at <anonymous class>.FirefoxDriver.prototype.findElementInternal_(file:///C:/Users/dprakash/AppData/Local/Temp/anonymous4541347048172480202webdriver-profile/extensions/fxdriver@googlecode.com/components/driver-component.js:10770)
	at <anonymous class>.fxdriver.Timer.prototype.setTimeout/<.notify(file:///C:/Users/dprakash/AppData/Local/Temp/anonymous4541347048172480202webdriver-profile/extensions/fxdriver@googlecode.com/components/driver-component.js:625)
... Removed 27 stack frames]]>
    </failure>
  </testcase> <!-- EditVendorMaterial -->
  <testcase name="AddHomegrown" time="40.307" classname="testScript.InventoryAndEHS">
    <failure type="org.openqa.selenium.NoSuchElementException" message="Unable to locate element: {&amp;quot;method&amp;quot;:&amp;quot;xpath&amp;quot;,&amp;quot;selector&amp;quot;:&amp;quot;.//*[@id=&amp;apos;labs-sidebar&amp;apos;]/div[3]&amp;quot;}
Command duration or timeout: 20.08 seconds
For documentation on this error, please visit: http://seleniumhq.org/exceptions/no_such_element.html
Build info: version: &amp;apos;2.53.0&amp;apos;, revision: &amp;apos;35ae25b&amp;apos;, time: &amp;apos;2016-03-15 16:57:40&amp;apos;
System info: host: &amp;apos;BNGLT-4T55T72&amp;apos;, ip: &amp;apos;10.68.108.117&amp;apos;, os.name: &amp;apos;Windows 7&amp;apos;, os.arch: &amp;apos;amd64&amp;apos;, os.version: &amp;apos;6.1&amp;apos;, java.version: &amp;apos;1.8.0_112&amp;apos;
Driver info: org.openqa.selenium.firefox.FirefoxDriver
Capabilities [{applicationCacheEnabled=true, rotatable=false, handlesAlerts=true, databaseEnabled=true, version=46.0.1, platform=WINDOWS, nativeEvents=false, acceptSslCerts=true, webStorageEnabled=true, locationContextEnabled=true, browserName=firefox, takesScreenshot=true, javascriptEnabled=true, cssSelectorsEnabled=true}]
Session ID: fe306973-4258-4706-918e-7a16bc3253fc
*** Element info: {Using=xpath, value=.//*[@id=&amp;apos;labs-sidebar&amp;apos;]/div[3]}">
      <![CDATA[org.openqa.selenium.NoSuchElementException: Unable to locate element: {"method":"xpath","selector":".//*[@id='labs-sidebar']/div[3]"}
Command duration or timeout: 20.08 seconds
For documentation on this error, please visit: http://seleniumhq.org/exceptions/no_such_element.html
Build info: version: '2.53.0', revision: '35ae25b', time: '2016-03-15 16:57:40'
System info: host: 'BNGLT-4T55T72', ip: '10.68.108.117', os.name: 'Windows 7', os.arch: 'amd64', os.version: '6.1', java.version: '1.8.0_112'
Driver info: org.openqa.selenium.firefox.FirefoxDriver
Capabilities [{applicationCacheEnabled=true, rotatable=false, handlesAlerts=true, databaseEnabled=true, version=46.0.1, platform=WINDOWS, nativeEvents=false, acceptSslCerts=true, webStorageEnabled=true, locationContextEnabled=true, browserName=firefox, takesScreenshot=true, javascriptEnabled=true, cssSelectorsEnabled=true}]
Session ID: fe306973-4258-4706-918e-7a16bc3253fc
*** Element info: {Using=xpath, value=.//*[@id='labs-sidebar']/div[3]}
	at org.openqa.selenium.remote.ErrorHandler.createThrowable(ErrorHandler.java:206)
	at org.openqa.selenium.remote.ErrorHandler.throwIfResponseFailed(ErrorHandler.java:158)
	at org.openqa.selenium.remote.RemoteWebDriver.execute(RemoteWebDriver.java:678)
	at org.openqa.selenium.remote.RemoteWebDriver.findElement(RemoteWebDriver.java:363)
	at org.openqa.selenium.remote.RemoteWebDriver.findElementByXPath(RemoteWebDriver.java:500)
	at org.openqa.selenium.By$ByXPath.findElement(By.java:361)
	at org.openqa.selenium.remote.RemoteWebDriver.findElement(RemoteWebDriver.java:355)
	at testBase.TestBase.getLocator(TestBase.java:83)
	at testBase.TestBase.getWebElement(TestBase.java:89)
	at pageLibrary.MouseOver.InventoryMouseOver(MouseOver.java:15)
	at inventoryModule.AddHomegrownMaterial_Action.AddHomGro(AddHomegrownMaterial_Action.java:31)
	at testScript.InventoryAndEHS.AddHomegrown(InventoryAndEHS.java:213)
Caused by: org.openqa.selenium.NoSuchElementException: Unable to locate element: {"method":"xpath","selector":".//*[@id='labs-sidebar']/div[3]"}
For documentation on this error, please visit: http://seleniumhq.org/exceptions/no_such_element.html
Build info: version: '2.53.0', revision: '35ae25b', time: '2016-03-15 16:57:40'
System info: host: 'BNGLT-4T55T72', ip: '10.68.108.117', os.name: 'Windows 7', os.arch: 'amd64', os.version: '6.1', java.version: '1.8.0_112'
Driver info: driver.version: unknown
	at <anonymous class>.FirefoxDriver.prototype.findElementInternal_(file:///C:/Users/dprakash/AppData/Local/Temp/anonymous2507970479313644975webdriver-profile/extensions/fxdriver@googlecode.com/components/driver-component.js:10770)
	at <anonymous class>.fxdriver.Timer.prototype.setTimeout/<.notify(file:///C:/Users/dprakash/AppData/Local/Temp/anonymous2507970479313644975webdriver-profile/extensions/fxdriver@googlecode.com/components/driver-component.js:625)
... Removed 27 stack frames]]>
    </failure>
  </testcase> <!-- AddHomegrown -->
  <testcase name="EditHomegrownMaterial" time="49.572" classname="testScript.InventoryAndEHS">
    <failure type="org.openqa.selenium.WebDriverException" message="Failed to connect to binary FirefoxBinary(C:\Program Files (x86)\Mozilla Firefox\firefox.exe) on port 7062; process output follows: 
474-a285-3208198ce6fd}
1498648147000	addons.xpi	DEBUG	Updating XPIState for {&amp;quot;id&amp;quot;:&amp;quot;{D19CA586-DD6C-4a0a-96F8-14644F340D60}&amp;quot;,&amp;quot;syncGUID&amp;quot;:&amp;quot;TgFQcX27ES33&amp;quot;,&amp;quot;location&amp;quot;:&amp;quot;winreg-app-global&amp;quot;,&amp;quot;version&amp;quot;:&amp;quot;IDS_SS_VERSION&amp;quot;,&amp;quot;type&amp;quot;:&amp;quot;extension&amp;quot;,&amp;quot;internalName&amp;quot;:null,&amp;quot;updateURL&amp;quot;:null,&amp;quot;updateKey&amp;quot;:null,&amp;quot;optionsURL&amp;quot;:null,&amp;quot;optionsType&amp;quot;:null,&amp;quot;aboutURL&amp;quot;:null,&amp;quot;icons&amp;quot;:{},&amp;quot;iconURL&amp;quot;:&amp;quot;chrome://vscore/content/ScriptFF.gif&amp;quot;,&amp;quot;icon64URL&amp;quot;:null,&amp;quot;defaultLocale&amp;quot;:{&amp;quot;name&amp;quot;:&amp;quot;IDS_SS_NAME&amp;quot;,&amp;quot;description&amp;quot;:null,&amp;quot;creator&amp;quot;:&amp;quot;McAfee, Inc.&amp;quot;,&amp;quot;homepageURL&amp;quot;:null},&amp;quot;visible&amp;quot;:true,&amp;quot;active&amp;quot;:false,&amp;quot;userDisabled&amp;quot;:true,&amp;quot;appDisabled&amp;quot;:false,&amp;quot;descriptor&amp;quot;:&amp;quot;C:\\Program Files (x86)\\Common Files\\McAfee\\SystemCore&amp;quot;,&amp;quot;installDate&amp;quot;:1463634509259,&amp;quot;updateDate&amp;quot;:1463634509259,&amp;quot;applyBackgroundUpdates&amp;quot;:1,&amp;quot;bootstrap&amp;quot;:false,&amp;quot;skinnable&amp;quot;:false,&amp;quot;size&amp;quot;:3262238,&amp;quot;sourceURI&amp;quot;:null,&amp;quot;releaseNotesURI&amp;quot;:null,&amp;quot;softDisabled&amp;quot;:false,&amp;quot;foreignInstall&amp;quot;:true,&amp;quot;hasBinaryComponents&amp;quot;:false,&amp;quot;strictCompatibility&amp;quot;:false,&amp;quot;locales&amp;quot;:[],&amp;quot;targetApplications&amp;quot;:[{&amp;quot;id&amp;quot;:&amp;quot;{ec8030f7-c20a-464f-9b0e-13a3a9e97384}&amp;quot;,&amp;quot;minVersion&amp;quot;:&amp;quot;1.5&amp;quot;,&amp;quot;maxVersion&amp;quot;:&amp;quot;9.9&amp;quot;}],&amp;quot;targetPlatforms&amp;quot;:[],&amp;quot;multiprocessCompatible&amp;quot;:false,&amp;quot;signedState&amp;quot;:0,&amp;quot;seen&amp;quot;:true}
1498648147001	DeferredSave.extensions.json	DEBUG	Save changes
1498648147001	addons.xpi	DEBUG	Updating database with changes to installed add-ons
1498648147001	addons.xpi-utils	DEBUG	Updating add-on states
1498648147006	addons.xpi-utils	DEBUG	Writing add-ons list
1498648147046	addons.xpi	DEBUG	Registering manifest for C:\Program Files (x86)\Mozilla Firefox\browser\features\e10srollout@mozilla.org.xpi
1498648147046	addons.xpi	DEBUG	Calling bootstrap method startup on e10srollout@mozilla.org version 1.0
1498648147046	addons.xpi	DEBUG	Registering manifest for C:\Program Files (x86)\Mozilla Firefox\browser\features\firefox@getpocket.com.xpi
1498648147047	addons.xpi	DEBUG	Calling bootstrap method startup on firefox@getpocket.com version 1.0
1498648147048	addons.xpi	DEBUG	Registering manifest for C:\Program Files (x86)\Mozilla Firefox\browser\features\loop@mozilla.org.xpi
1498648147048	addons.xpi	DEBUG	Calling bootstrap method startup on loop@mozilla.org version 1.2.6
1498648147063	addons.manager	DEBUG	Registering shutdown blocker for XPIProvider
1498648147064	addons.manager	DEBUG	Provider finished startup: XPIProvider
1498648147064	addons.manager	DEBUG	Starting provider: LightweightThemeManager
1498648147064	addons.manager	DEBUG	Registering shutdown blocker for LightweightThemeManager
1498648147064	addons.manager	DEBUG	Provider finished startup: LightweightThemeManager
1498648147064	addons.manager	DEBUG	Starting provider: GMPProvider
1498648147069	addons.manager	DEBUG	Registering shutdown blocker for GMPProvider
1498648147069	addons.manager	DEBUG	Provider finished startup: GMPProvider
1498648147070	addons.manager	DEBUG	Starting provider: PluginProvider
1498648147070	addons.manager	DEBUG	Registering shutdown blocker for PluginProvider
1498648147070	addons.manager	DEBUG	Provider finished startup: PluginProvider
1498648147070	addons.manager	DEBUG	Completed startup sequence
1498648147912	addons.manager	DEBUG	Starting provider: &amp;lt;unnamed-provider&amp;gt;
1498648147912	addons.manager	DEBUG	Registering shutdown blocker for &amp;lt;unnamed-provider&amp;gt;
1498648147912	addons.manager	DEBUG	Provider finished startup: &amp;lt;unnamed-provider&amp;gt;
1498648147914	DeferredSave.extensions.json	DEBUG	Starting write
1498648148077	addons.repository	DEBUG	No addons.json found.
1498648148077	DeferredSave.addons.json	DEBUG	Save changes
1498648148080	DeferredSave.addons.json	DEBUG	Starting timer
1498648148123	addons.manager	DEBUG	Starting provider: PreviousExperimentProvider
1498648148123	addons.manager	DEBUG	Registering shutdown blocker for PreviousExperimentProvider
1498648148124	addons.manager	DEBUG	Provider finished startup: PreviousExperimentProvider
1498648148125	DeferredSave.extensions.json	DEBUG	Write succeeded
1498648148126	addons.xpi-utils	DEBUG	XPI Database saved, setting schema version preference to 17
1498648148131	DeferredSave.addons.json	DEBUG	Starting write
1498648148143	DeferredSave.addons.json	DEBUG	Write succeeded

Build info: version: &amp;apos;2.53.0&amp;apos;, revision: &amp;apos;35ae25b&amp;apos;, time: &amp;apos;2016-03-15 16:57:40&amp;apos;
System info: host: &amp;apos;BNGLT-4T55T72&amp;apos;, ip: &amp;apos;10.68.108.117&amp;apos;, os.name: &amp;apos;Windows 7&amp;apos;, os.arch: &amp;apos;amd64&amp;apos;, os.version: &amp;apos;6.1&amp;apos;, java.version: &amp;apos;1.8.0_112&amp;apos;
Driver info: driver.version: FirefoxDriver">
      <![CDATA[org.openqa.selenium.WebDriverException: Failed to connect to binary FirefoxBinary(C:\Program Files (x86)\Mozilla Firefox\firefox.exe) on port 7062; process output follows: 
474-a285-3208198ce6fd}
1498648147000	addons.xpi	DEBUG	Updating XPIState for {"id":"{D19CA586-DD6C-4a0a-96F8-14644F340D60}","syncGUID":"TgFQcX27ES33","location":"winreg-app-global","version":"IDS_SS_VERSION","type":"extension","internalName":null,"updateURL":null,"updateKey":null,"optionsURL":null,"optionsType":null,"aboutURL":null,"icons":{},"iconURL":"chrome://vscore/content/ScriptFF.gif","icon64URL":null,"defaultLocale":{"name":"IDS_SS_NAME","description":null,"creator":"McAfee, Inc.","homepageURL":null},"visible":true,"active":false,"userDisabled":true,"appDisabled":false,"descriptor":"C:\\Program Files (x86)\\Common Files\\McAfee\\SystemCore","installDate":1463634509259,"updateDate":1463634509259,"applyBackgroundUpdates":1,"bootstrap":false,"skinnable":false,"size":3262238,"sourceURI":null,"releaseNotesURI":null,"softDisabled":false,"foreignInstall":true,"hasBinaryComponents":false,"strictCompatibility":false,"locales":[],"targetApplications":[{"id":"{ec8030f7-c20a-464f-9b0e-13a3a9e97384}","minVersion":"1.5","maxVersion":"9.9"}],"targetPlatforms":[],"multiprocessCompatible":false,"signedState":0,"seen":true}
1498648147001	DeferredSave.extensions.json	DEBUG	Save changes
1498648147001	addons.xpi	DEBUG	Updating database with changes to installed add-ons
1498648147001	addons.xpi-utils	DEBUG	Updating add-on states
1498648147006	addons.xpi-utils	DEBUG	Writing add-ons list
1498648147046	addons.xpi	DEBUG	Registering manifest for C:\Program Files (x86)\Mozilla Firefox\browser\features\e10srollout@mozilla.org.xpi
1498648147046	addons.xpi	DEBUG	Calling bootstrap method startup on e10srollout@mozilla.org version 1.0
1498648147046	addons.xpi	DEBUG	Registering manifest for C:\Program Files (x86)\Mozilla Firefox\browser\features\firefox@getpocket.com.xpi
1498648147047	addons.xpi	DEBUG	Calling bootstrap method startup on firefox@getpocket.com version 1.0
1498648147048	addons.xpi	DEBUG	Registering manifest for C:\Program Files (x86)\Mozilla Firefox\browser\features\loop@mozilla.org.xpi
1498648147048	addons.xpi	DEBUG	Calling bootstrap method startup on loop@mozilla.org version 1.2.6
1498648147063	addons.manager	DEBUG	Registering shutdown blocker for XPIProvider
1498648147064	addons.manager	DEBUG	Provider finished startup: XPIProvider
1498648147064	addons.manager	DEBUG	Starting provider: LightweightThemeManager
1498648147064	addons.manager	DEBUG	Registering shutdown blocker for LightweightThemeManager
1498648147064	addons.manager	DEBUG	Provider finished startup: LightweightThemeManager
1498648147064	addons.manager	DEBUG	Starting provider: GMPProvider
1498648147069	addons.manager	DEBUG	Registering shutdown blocker for GMPProvider
1498648147069	addons.manager	DEBUG	Provider finished startup: GMPProvider
1498648147070	addons.manager	DEBUG	Starting provider: PluginProvider
1498648147070	addons.manager	DEBUG	Registering shutdown blocker for PluginProvider
1498648147070	addons.manager	DEBUG	Provider finished startup: PluginProvider
1498648147070	addons.manager	DEBUG	Completed startup sequence
1498648147912	addons.manager	DEBUG	Starting provider: <unnamed-provider>
1498648147912	addons.manager	DEBUG	Registering shutdown blocker for <unnamed-provider>
1498648147912	addons.manager	DEBUG	Provider finished startup: <unnamed-provider>
1498648147914	DeferredSave.extensions.json	DEBUG	Starting write
1498648148077	addons.repository	DEBUG	No addons.json found.
1498648148077	DeferredSave.addons.json	DEBUG	Save changes
1498648148080	DeferredSave.addons.json	DEBUG	Starting timer
1498648148123	addons.manager	DEBUG	Starting provider: PreviousExperimentProvider
1498648148123	addons.manager	DEBUG	Registering shutdown blocker for PreviousExperimentProvider
1498648148124	addons.manager	DEBUG	Provider finished startup: PreviousExperimentProvider
1498648148125	DeferredSave.extensions.json	DEBUG	Write succeeded
1498648148126	addons.xpi-utils	DEBUG	XPI Database saved, setting schema version preference to 17
1498648148131	DeferredSave.addons.json	DEBUG	Starting write
1498648148143	DeferredSave.addons.json	DEBUG	Write succeeded

Build info: version: '2.53.0', revision: '35ae25b', time: '2016-03-15 16:57:40'
System info: host: 'BNGLT-4T55T72', ip: '10.68.108.117', os.name: 'Windows 7', os.arch: 'amd64', os.version: '6.1', java.version: '1.8.0_112'
Driver info: driver.version: FirefoxDriver
	at org.openqa.selenium.firefox.internal.NewProfileExtensionConnection.start(NewProfileExtensionConnection.java:124)
	at org.openqa.selenium.firefox.FirefoxDriver.startClient(FirefoxDriver.java:271)
	at org.openqa.selenium.remote.RemoteWebDriver.<init>(RemoteWebDriver.java:119)
	at org.openqa.selenium.firefox.FirefoxDriver.<init>(FirefoxDriver.java:218)
	at org.openqa.selenium.firefox.FirefoxDriver.<init>(FirefoxDriver.java:211)
	at org.openqa.selenium.firefox.FirefoxDriver.<init>(FirefoxDriver.java:207)
	at org.openqa.selenium.firefox.FirefoxDriver.<init>(FirefoxDriver.java:120)
	at utills.Utills.SelectBrowser(Utills.java:37)
	at testBase.TestBase.init(TestBase.java:30)
	at inventoryModule.EditHomegrownMaterial_Action.EditHomegrownMaterial(EditHomegrownMaterial_Action.java:25)
	at testScript.InventoryAndEHS.EditHomegrownMaterial(InventoryAndEHS.java:219)
Caused by: org.openqa.selenium.firefox.NotConnectedException: Unable to connect to host 127.0.0.1 on port 7062 after 45000 ms. Firefox console output:
474-a285-3208198ce6fd}
1498648147000	addons.xpi	DEBUG	Updating XPIState for {"id":"{D19CA586-DD6C-4a0a-96F8-14644F340D60}","syncGUID":"TgFQcX27ES33","location":"winreg-app-global","version":"IDS_SS_VERSION","type":"extension","internalName":null,"updateURL":null,"updateKey":null,"optionsURL":null,"optionsType":null,"aboutURL":null,"icons":{},"iconURL":"chrome://vscore/content/ScriptFF.gif","icon64URL":null,"defaultLocale":{"name":"IDS_SS_NAME","description":null,"creator":"McAfee, Inc.","homepageURL":null},"visible":true,"active":false,"userDisabled":true,"appDisabled":false,"descriptor":"C:\\Program Files (x86)\\Common Files\\McAfee\\SystemCore","installDate":1463634509259,"updateDate":1463634509259,"applyBackgroundUpdates":1,"bootstrap":false,"skinnable":false,"size":3262238,"sourceURI":null,"releaseNotesURI":null,"softDisabled":false,"foreignInstall":true,"hasBinaryComponents":false,"strictCompatibility":false,"locales":[],"targetApplications":[{"id":"{ec8030f7-c20a-464f-9b0e-13a3a9e97384}","minVersion":"1.5","maxVersion":"9.9"}],"targetPlatforms":[],"multiprocessCompatible":false,"signedState":0,"seen":true}
1498648147001	DeferredSave.extensions.json	DEBUG	Save changes
1498648147001	addons.xpi	DEBUG	Updating database with changes to installed add-ons
1498648147001	addons.xpi-utils	DEBUG	Updating add-on states
1498648147006	addons.xpi-utils	DEBUG	Writing add-ons list
1498648147046	addons.xpi	DEBUG	Registering manifest for C:\Program Files (x86)\Mozilla Firefox\browser\features\e10srollout@mozilla.org.xpi
1498648147046	addons.xpi	DEBUG	Calling bootstrap method startup on e10srollout@mozilla.org version 1.0
1498648147046	addons.xpi	DEBUG	Registering manifest for C:\Program Files (x86)\Mozilla Firefox\browser\features\firefox@getpocket.com.xpi
1498648147047	addons.xpi	DEBUG	Calling bootstrap method startup on firefox@getpocket.com version 1.0
1498648147048	addons.xpi	DEBUG	Registering manifest for C:\Program Files (x86)\Mozilla Firefox\browser\features\loop@mozilla.org.xpi
1498648147048	addons.xpi	DEBUG	Calling bootstrap method startup on loop@mozilla.org version 1.2.6
1498648147063	addons.manager	DEBUG	Registering shutdown blocker for XPIProvider
1498648147064	addons.manager	DEBUG	Provider finished startup: XPIProvider
1498648147064	addons.manager	DEBUG	Starting provider: LightweightThemeManager
1498648147064	addons.manager	DEBUG	Registering shutdown blocker for LightweightThemeManager
1498648147064	addons.manager	DEBUG	Provider finished startup: LightweightThemeManager
1498648147064	addons.manager	DEBUG	Starting provider: GMPProvider
1498648147069	addons.manager	DEBUG	Registering shutdown blocker for GMPProvider
1498648147069	addons.manager	DEBUG	Provider finished startup: GMPProvider
1498648147070	addons.manager	DEBUG	Starting provider: PluginProvider
1498648147070	addons.manager	DEBUG	Registering shutdown blocker for PluginProvider
1498648147070	addons.manager	DEBUG	Provider finished startup: PluginProvider
1498648147070	addons.manager	DEBUG	Completed startup sequence
1498648147912	addons.manager	DEBUG	Starting provider: <unnamed-provider>
1498648147912	addons.manager	DEBUG	Registering shutdown blocker for <unnamed-provider>
1498648147912	addons.manager	DEBUG	Provider finished startup: <unnamed-provider>
1498648147914	DeferredSave.extensions.json	DEBUG	Starting write
1498648148077	addons.repository	DEBUG	No addons.json found.
1498648148077	DeferredSave.addons.json	DEBUG	Save changes
1498648148080	DeferredSave.addons.json	DEBUG	Starting timer
1498648148123	addons.manager	DEBUG	Starting provider: PreviousExperimentProvider
1498648148123	addons.manager	DEBUG	Registering shutdown blocker for PreviousExperimentProvider
1498648148124	addons.manager	DEBUG	Provider finished startup: PreviousExperimentProvider
1498648148125	DeferredSave.extensions.json	DEBUG	Write succeeded
1498648148126	addons.xpi-utils	DEBUG	XPI Database saved, setting schema version preference to 17
1498648148131	DeferredSave.addons.json	DEBUG	Starting write
1498648148143	DeferredSave.addons.json	DEBUG	Write succeeded

	at org.openqa.selenium.firefox.internal.NewProfileExtensionConnection.start(NewProfileExtensionConnection.java:112)
	... 33 more
... Removed 23 stack frames]]>
    </failure>
  </testcase> <!-- EditHomegrownMaterial -->
</testsuite> <!-- Inventory Regression Test -->
